<?xml version="1.0" encoding="UTF-8"?>
<!-- Generated by org.testng.reporters.JUnitReportReporter -->
<testsuite hostname="BL089-Pooja" failures="0" tests="1" name="test.beeforce.testcases.FlipkartEAttendanceVendorSpoc" time="2.604" errors="0" timestamp="30 Mar 2023 07:55:15 GMT" skipped="0">
  <testcase classname="test.beeforce.testcases.FlipkartEAttendanceVendorSpoc" name="loginAsFTC" time="2.604"/>
</testsuite> <!-- test.beeforce.testcases.FlipkartEAttendanceVendorSpoc -->
