<?xml version="1.0" encoding="UTF-8"?>
<!-- Generated by org.testng.reporters.JUnitReportReporter -->
<testsuite skipped="0" hostname="BL084-Sathish" name="test.beeforce.testcases.ApproveOnboardedEmployee" tests="3" failures="0" timestamp="22 Feb 2023 07:11:16 GMT" time="19.833" errors="0">
  <testcase name="loginAsAdmin" time="3.193" classname="test.beeforce.testcases.ApproveOnboardedEmployee"/>
  <testcase name="openEmployeeViewAndEditPage" time="8.240" classname="test.beeforce.testcases.ApproveOnboardedEmployee"/>
  <testcase name="approveOnboardedEmployee" time="8.400" classname="test.beeforce.testcases.ApproveOnboardedEmployee"/>
</testsuite> <!-- test.beeforce.testcases.ApproveOnboardedEmployee -->
