<?xml version="1.0" encoding="UTF-8"?>
<!-- Generated by org.testng.reporters.JUnitReportReporter -->
<testsuite skipped="0" hostname="BL084-Sathish" name="test.beeforce.testcases.EmployeeFieldupdate" tests="3" failures="0" timestamp="28 Feb 2023 07:02:32 GMT" time="60.091" errors="0">
  <testcase name="loginAsAdmin" time="3.140" classname="test.beeforce.testcases.EmployeeFieldupdate"/>
  <testcase name="navigateToEmployeeFieldUpdateApprovePage" time="21.246" classname="test.beeforce.testcases.EmployeeFieldupdate"/>
  <testcase name="approveEmployeeFieldUpdate" time="35.705" classname="test.beeforce.testcases.EmployeeFieldupdate"/>
</testsuite> <!-- test.beeforce.testcases.EmployeeFieldupdate -->
