<?xml version="1.0" encoding="UTF-8"?>
<!-- Generated by org.testng.reporters.JUnitReportReporter -->
<testsuite skipped="0" hostname="BL084-Sathish" name="test.beeforce.testcases.LoginTest" tests="1" failures="0" timestamp="17 Feb 2023 12:48:47 GMT" time="7.032" errors="0">
  <testcase name="loginAsUser" time="7.032" classname="test.beeforce.testcases.LoginTest"/>
</testsuite> <!-- test.beeforce.testcases.LoginTest -->
