<?xml version="1.0" encoding="UTF-8"?>
<!-- Generated by org.testng.reporters.JUnitReportReporter -->
<testsuite skipped="0" hostname="BL084-Sathish" name="test.beeforce.testcases.OnboardedEmployeeStatusDecision" tests="3" failures="0" timestamp="24 Feb 2023 05:48:09 GMT" time="25.808" errors="0">
  <testcase name="loginAsAdmin" time="2.372" classname="test.beeforce.testcases.OnboardedEmployeeStatusDecision"/>
  <testcase name="openEmployeeViewAndEditPage" time="8.327" classname="test.beeforce.testcases.OnboardedEmployeeStatusDecision"/>
  <testcase name="OnboardedEmployeeStatus" time="15.109" classname="test.beeforce.testcases.OnboardedEmployeeStatusDecision"/>
</testsuite> <!-- test.beeforce.testcases.OnboardedEmployeeStatusDecision -->
