<?xml version="1.0" encoding="UTF-8"?>
<!-- Generated by org.testng.reporters.JUnitReportReporter -->
<testsuite skipped="0" hostname="BL084-Sathish" name="test.beeforce.testcases.EmployeeCreationThroughBudgetingAndSourcing" tests="6" failures="0" timestamp="12 Apr 2023 13:20:59 GMT" time="64.412" errors="0">
  <testcase name="LoginAsBudgetCreater" time="7.846" classname="test.beeforce.testcases.EmployeeCreationThroughBudgetingAndSourcing"/>
  <testcase name="createAndApproveBudget" time="9.787" classname="test.beeforce.testcases.EmployeeCreationThroughBudgetingAndSourcing"/>
  <testcase name="ApproveBudget" time="7.436" classname="test.beeforce.testcases.EmployeeCreationThroughBudgetingAndSourcing"/>
  <testcase name="createSourcingrequest" time="9.654" classname="test.beeforce.testcases.EmployeeCreationThroughBudgetingAndSourcing"/>
  <testcase name="logoutAsAdminAndLoginAsContractor" time="11.230" classname="test.beeforce.testcases.EmployeeCreationThroughBudgetingAndSourcing"/>
  <testcase name="uploadcandidatedetails" time="18.459" classname="test.beeforce.testcases.EmployeeCreationThroughBudgetingAndSourcing"/>
</testsuite> <!-- test.beeforce.testcases.EmployeeCreationThroughBudgetingAndSourcing -->
