<?xml version="1.0" encoding="UTF-8"?>
<!-- Generated by org.testng.reporters.JUnitReportReporter -->
<testsuite skipped="0" hostname="BL084-Sathish" name="test.beeforce.testcases.EmployeeCreationThroughBudgetingAndSourcingJKC" tests="11" failures="0" timestamp="09 May 2023 05:23:43 GMT" time="244.054" errors="0">
  <testcase name="LoginAsBudgetCreater" time="6.150" classname="test.beeforce.testcases.EmployeeCreationThroughBudgetingAndSourcingJKC"/>
  <testcase name="createAndApproveBudget" time="9.487" classname="test.beeforce.testcases.EmployeeCreationThroughBudgetingAndSourcingJKC"/>
  <testcase name="logoutAsBudgetcreaterAndLoginAsBudgetReviewer" time="4.345" classname="test.beeforce.testcases.EmployeeCreationThroughBudgetingAndSourcingJKC"/>
  <testcase name="ReviewAndApproveBudget" time="17.900" classname="test.beeforce.testcases.EmployeeCreationThroughBudgetingAndSourcingJKC"/>
  <testcase name="createSourcingrequest" time="8.861" classname="test.beeforce.testcases.EmployeeCreationThroughBudgetingAndSourcingJKC"/>
  <testcase name="logoutAsAdminAndLoginAsContractor" time="2.360" classname="test.beeforce.testcases.EmployeeCreationThroughBudgetingAndSourcingJKC"/>
  <testcase name="uploadcandidatedetails" time="17.260" classname="test.beeforce.testcases.EmployeeCreationThroughBudgetingAndSourcingJKC"/>
  <testcase name="onboardedEmployeeStatus" time="15.124" classname="test.beeforce.testcases.EmployeeCreationThroughBudgetingAndSourcingJKC"/>
  <testcase name="fillEmployeeDetailsJKC" time="136.603" classname="test.beeforce.testcases.EmployeeCreationThroughBudgetingAndSourcingJKC"/>
  <testcase name="logoutAsContractorAndLoginAsAdmin" time="4.818" classname="test.beeforce.testcases.EmployeeCreationThroughBudgetingAndSourcingJKC"/>
  <testcase name="verifyDetailsInEattendance" time="21.146" classname="test.beeforce.testcases.EmployeeCreationThroughBudgetingAndSourcingJKC"/>
</testsuite> <!-- test.beeforce.testcases.EmployeeCreationThroughBudgetingAndSourcingJKC -->
