<?xml version="1.0" encoding="UTF-8"?>
<!-- Generated by org.testng.reporters.JUnitReportReporter -->
<testsuite skipped="0" hostname="BL084-Sathish" name="test.beeforce.testcases.OfflineEmployeeCreation" tests="10" failures="0" timestamp="09 May 2023 06:26:28 GMT" time="109.652" errors="0">
  <testcase name="loginAsContractor" time="4.275" classname="test.beeforce.testcases.OfflineEmployeeCreation"/>
  <testcase name="selectModule" time="2.220" classname="test.beeforce.testcases.OfflineEmployeeCreation"/>
  <testcase name="offlineEmployeeupload" time="8.850" classname="test.beeforce.testcases.OfflineEmployeeCreation"/>
  <testcase name="fillEmployeeDetailsAutoLiv" time="41.244" classname="test.beeforce.testcases.OfflineEmployeeCreation"/>
  <testcase name="logoutAsContractor" time="1.214" classname="test.beeforce.testcases.OfflineEmployeeCreation"/>
  <testcase name="loginAsAdmin" time="2.440" classname="test.beeforce.testcases.OfflineEmployeeCreation"/>
  <testcase name="openEmployeeViewAndEditPage" time="5.575" classname="test.beeforce.testcases.OfflineEmployeeCreation"/>
  <testcase name="onboardedEmployeeStatus" time="12.390" classname="test.beeforce.testcases.OfflineEmployeeCreation"/>
  <testcase name="verifyEmployeeStatus" time="11.390" classname="test.beeforce.testcases.OfflineEmployeeCreation"/>
  <testcase name="verifyDetailsInEattendance" time="20.054" classname="test.beeforce.testcases.OfflineEmployeeCreation"/>
</testsuite> <!-- test.beeforce.testcases.OfflineEmployeeCreation -->
