<?xml version="1.0" encoding="UTF-8"?>
<!-- Generated by org.testng.reporters.JUnitReportReporter -->
<testsuite skipped="0" hostname="BL084-Sathish" name="test.attest360.testCases.NewUI" tests="12" failures="0" timestamp="16 Dec 2022 11:06:31 GMT" time="95.429" errors="0">
  <testcase name="critirionDataEntryLogin" time="3.353" classname="test.attest360.testCases.NewUI"/>
  <testcase name="select_customer" time="9.687" classname="test.attest360.testCases.NewUI"/>
  <testcase name="enterBasicDetails" time="35.589" classname="test.attest360.testCases.NewUI"/>
  <testcase name="logoutAsdataentry" time="1.762" classname="test.attest360.testCases.NewUI"/>
  <testcase name="critirionQaLogin" time="0.708" classname="test.attest360.testCases.NewUI"/>
  <testcase name="runAutoDeligate" time="6.414" classname="test.attest360.testCases.NewUI"/>
  <testcase name="logoutAsQA" time="0.584" classname="test.attest360.testCases.NewUI"/>
  <testcase name="critirinverifierLogin" time="0.677" classname="test.attest360.testCases.NewUI"/>
  <testcase name="verifierDecision" time="10.561" classname="test.attest360.testCases.NewUI"/>
  <testcase name="logoutAsVerifier" time="5.586" classname="test.attest360.testCases.NewUI"/>
  <testcase name="critirionQaVerifiLogin" time="0.736" classname="test.attest360.testCases.NewUI"/>
  <testcase name="QADecision" time="19.772" classname="test.attest360.testCases.NewUI"/>
</testsuite> <!-- test.attest360.testCases.NewUI -->
