<?xml version="1.0" encoding="UTF-8"?>
<!-- Generated by org.testng.reporters.JUnitReportReporter -->
<testsuite skipped="0" hostname="BL084-Sathish" name="test.beeforce.testcases.EmployeeFieldupdate" tests="7" failures="0" timestamp="03 May 2023 15:59:34 GMT" time="32.508" errors="0">
  <testcase name="loginAsContractor" time="3.829" classname="test.beeforce.testcases.EmployeeFieldupdate"/>
  <testcase name="navigateToemployeefieldUpdatePage" time="6.036" classname="test.beeforce.testcases.EmployeeFieldupdate"/>
  <testcase name="setupdatedFieldValue" time="6.118" classname="test.beeforce.testcases.EmployeeFieldupdate"/>
  <testcase name="logoutAsContractor" time="1.853" classname="test.beeforce.testcases.EmployeeFieldupdate"/>
  <testcase name="loginAsAdmin" time="2.484" classname="test.beeforce.testcases.EmployeeFieldupdate"/>
  <testcase name="navigateToEmployeeFieldUpdateApprovePage" time="6.669" classname="test.beeforce.testcases.EmployeeFieldupdate"/>
  <testcase name="approveEmployeeFieldUpdate" time="5.519" classname="test.beeforce.testcases.EmployeeFieldupdate"/>
</testsuite> <!-- test.beeforce.testcases.EmployeeFieldupdate -->
